<?xml version="1.0" encoding="UTF-8"?>
<!-- Generated by org.testng.reporters.JUnitReportReporter -->
<testsuite hostname="Harish-PC" failures="0" tests="1" name="Day_002_Java.TC01_Login" time="45.429" errors="0" timestamp="2021-02-19T17:17:28 IST" skipped="0">
  <testcase classname="Day_002_Java.TC01_Login" name="Login_Test" time="45.429"/>
  <system-out/>
</testsuite> <!-- Day_002_Java.TC01_Login -->
