<?xml version="1.0" encoding="UTF-8"?>
<!-- Generated by org.testng.reporters.JUnitReportReporter -->
<testsuite hostname="Harish-PC" failures="0" tests="1" name="Day_001_Demo.TC09_Desired_Capabilities" time="44.315" errors="0" timestamp="2021-03-08T16:59:42 IST" skipped="0">
  <testcase classname="Day_001_Demo.TC09_Desired_Capabilities" name="Login_Test" time="44.315"/>
  <system-out/>
</testsuite> <!-- Day_001_Demo.TC09_Desired_Capabilities -->
