<?xml version="1.0" encoding="UTF-8"?>
<!-- Generated by org.testng.reporters.JUnitReportReporter -->
<testsuite hostname="Harish-PC" failures="0" tests="1" name="Day_001_Demo.TC01_login_highlight" time="28.289" errors="0" timestamp="2021-03-06T17:10:24 IST" skipped="0">
  <testcase classname="Day_001_Demo.TC01_login_highlight" name="login_test" time="28.289"/>
  <system-out/>
</testsuite> <!-- Day_001_Demo.TC01_login_highlight -->
