<?xml version="1.0" encoding="UTF-8"?>
<!-- Generated by org.testng.reporters.JUnitReportReporter -->
<testsuite hostname="Harish-PC" failures="0" tests="1" name="Day_002_Java.TC05_Login_NonStatic_Paarameters" time="38.161" errors="0" timestamp="2021-03-08T17:49:52 IST" skipped="0">
  <testcase classname="Day_002_Java.TC05_Login_NonStatic_Paarameters" name="Login_Test" time="38.161"/>
  <system-out/>
</testsuite> <!-- Day_002_Java.TC05_Login_NonStatic_Paarameters -->
