<?xml version="1.0" encoding="UTF-8"?>
<!-- Generated by org.testng.reporters.JUnitReportReporter -->
<testsuite hostname="Harish-PC" failures="0" tests="1" name="Day_001_Demo.TC03_Driver_Navigate_back" time="37.629" errors="0" timestamp="2021-03-01T17:50:16 IST" skipped="0">
  <testcase classname="Day_001_Demo.TC03_Driver_Navigate_back" name="login_test" time="37.629"/>
  <system-out/>
</testsuite> <!-- Day_001_Demo.TC03_Driver_Navigate_back -->
