<?xml version="1.0" encoding="UTF-8"?>
<!-- Generated by org.testng.reporters.JUnitReportReporter -->
<testsuite hostname="Harish-PC" failures="0" tests="1" name="Day_001_Demo.TC04_Driver_Navigate_Forward" time="103.581" errors="0" timestamp="2021-02-24T17:16:09 IST" skipped="0">
  <testcase classname="Day_001_Demo.TC04_Driver_Navigate_Forward" name="login_test" time="103.581"/>
  <system-out/>
</testsuite> <!-- Day_001_Demo.TC04_Driver_Navigate_Forward -->
