<?xml version="1.0" encoding="UTF-8"?>
<!-- Generated by org.testng.reporters.JUnitReportReporter -->
<testsuite hostname="Harish-PC" failures="0" tests="1" name="Day_001_Demo.chromeopen" time="16.184" errors="0" timestamp="2021-03-01T17:37:23 IST" skipped="0">
  <testcase classname="Day_001_Demo.chromeopen" name="login_test" time="16.184"/>
  <system-out/>
</testsuite> <!-- Day_001_Demo.chromeopen -->
