<?xml version="1.0" encoding="UTF-8"?>
<!-- Generated by org.testng.reporters.JUnitReportReporter -->
<testsuite hostname="Harish-PC" failures="0" tests="1" name="Day_002_Java.TC02_Login_Static" time="34.507" errors="0" timestamp="2021-03-06T18:18:47 IST" skipped="0">
  <testcase classname="Day_002_Java.TC02_Login_Static" name="Login_Test" time="34.507"/>
  <system-out/>
</testsuite> <!-- Day_002_Java.TC02_Login_Static -->
