<?xml version="1.0" encoding="UTF-8"?>
<!-- Generated by org.testng.reporters.JUnitReportReporter -->
<testsuite hostname="Harish-PC" failures="0" tests="1" name="Day_002_Java.TC02_Login_NonStatic_Example" time="32.045" errors="0" timestamp="2021-03-06T18:22:05 IST" skipped="0">
  <testcase classname="Day_002_Java.TC02_Login_NonStatic_Example" name="Login_Test" time="32.045"/>
  <system-out/>
</testsuite> <!-- Day_002_Java.TC02_Login_NonStatic_Example -->
